This file contains any messages produced by compilers while
running configure, to aid debugging if configure makes a mistake.

It was created by gimp-plugin-j2k configure 2.2.0, which was
generated by GNU Autoconf 2.59.  Invocation command line was

  $ ./configure 

## --------- ##
## Platform. ##
## --------- ##

hostname = Design_2
uname -m = x86_64
uname -r = 3.1.7-340.x86_64
uname -s = MINGW64_NT-10.0-18363
uname -v = 2020-08-27 11:03 UTC

/usr/bin/uname -p = unknown
/bin/uname -X     = unknown

/bin/arch              = x86_64
/usr/bin/arch -k       = unknown
/usr/convex/getsysinfo = unknown
hostinfo               = unknown
/bin/machine           = unknown
/usr/bin/oslevel       = unknown
/bin/universe          = unknown

PATH: /mingw64/bin
PATH: /usr/local/bin
PATH: /usr/bin
PATH: /bin
PATH: /c/Windows/System32
PATH: /c/Windows
PATH: /c/Windows/System32/Wbem
PATH: /c/Windows/System32/WindowsPowerShell/v1.0/
PATH: /usr/bin/site_perl
PATH: /usr/bin/vendor_perl
PATH: /usr/bin/core_perl


## ----------- ##
## Core tests. ##
## ----------- ##

configure:1205: loading site script /mingw64/etc/config.site
| # This file is in public domain.
| # Original author: Karlson2k (Evgeny Grin)
| # Written for MSys2/MinGW64 to help running 'configure' scripts
| 
| # Defaults for MinGW64-targeted programs
| 
| # Set proper selfname on bash and fallback to default name on other shells
| test -n "${BASH_SOURCE}" 2>/dev/null && config_site_me="${BASH_SOURCE[0]##*/}" || config_site_me=config.site
| 
| # Set default 'host' to speedup configure
| if test -z "$build_alias"; then
|   build_alias="${MSYSTEM_CHOST-x86_64-w64-mingw32}" && \
|     ${as_echo-echo} "$config_site_me:${as_lineno-$LINENO}: default build_alias set to $build_alias" >&5
| fi
| 
| # Set default 'prefix' to "/mingw64"
| if ( test -z "$prefix" || test "x$prefix" = "xNONE" ) && \
|    ( test -z "$exec_prefix" || test "x$exec_prefix" = "xNONE" ); then
|   prefix="${MSYSTEM_PREFIX-/mingw64}" && \
|     ${as_echo-echo} "$config_site_me:${as_lineno-$LINENO}: default prefix set to $prefix" >&5
| fi
config.site:13: default build_alias set to x86_64-w64-mingw32
config.site:20: default prefix set to /mingw64
configure:1383: checking for a BSD-compatible install
configure:1438: result: /usr/bin/install -c
configure:1449: checking whether build environment is sane
configure:1492: result: yes
configure:1525: checking for gawk
configure:1541: found /usr/bin/gawk
configure:1551: result: gawk
configure:1561: checking whether make sets $(MAKE)
configure:1581: result: yes
configure:1749: checking for style of include used by make
configure:1777: result: GNU
configure:1848: checking for gcc
configure:1864: found /mingw64/bin/gcc
configure:1874: result: gcc
configure:2118: checking for C compiler version
configure:2121: gcc --version </dev/null >&5
gcc.exe (Rev1, Built by MSYS2 project) 10.2.0
Copyright (C) 2020 Free Software Foundation, Inc.
This is free software; see the source for copying conditions.  There is NO
warranty; not even for MERCHANTABILITY or FITNESS FOR A PARTICULAR PURPOSE.

configure:2124: $? = 0
configure:2126: gcc -v </dev/null >&5
Using built-in specs.
COLLECT_GCC=C:\msys64\mingw64\bin\gcc.exe
COLLECT_LTO_WRAPPER=C:/msys64/mingw64/bin/../lib/gcc/x86_64-w64-mingw32/10.2.0/lto-wrapper.exe
Target: x86_64-w64-mingw32
Configured with: ../gcc-10.2.0/configure --prefix=/mingw64 --with-local-prefix=/mingw64/local --build=x86_64-w64-mingw32 --host=x86_64-w64-mingw32 --target=x86_64-w64-mingw32 --with-native-system-header-dir=/mingw64/x86_64-w64-mingw32/include --libexecdir=/mingw64/lib --enable-bootstrap --with-arch=x86-64 --with-tune=generic --enable-languages=c,lto,c++,fortran,ada,objc,obj-c++ --enable-shared --enable-static --enable-libatomic --enable-threads=posix --enable-graphite --enable-fully-dynamic-string --enable-libstdcxx-filesystem-ts=yes --enable-libstdcxx-time=yes --disable-libstdcxx-pch --disable-libstdcxx-debug --disable-isl-version-check --enable-lto --enable-libgomp --disable-multilib --enable-checking=release --disable-rpath --disable-win32-registry --disable-nls --disable-werror --disable-symvers --disable-plugin --with-libiconv --with-system-zlib --with-gmp=/mingw64 --with-mpfr=/mingw64 --with-mpc=/mingw64 --with-isl=/mingw64 --with-pkgversion='Rev1, Built by MSYS2 project' --with-bugurl=https://github.com/msys2/MINGW-packages/issues --with-gnu-as --with-gnu-ld
Thread model: posix
Supported LTO compression algorithms: zlib zstd
gcc version 10.2.0 (Rev1, Built by MSYS2 project) 
configure:2129: $? = 0
configure:2131: gcc -V </dev/null >&5
gcc.exe: error: unrecognized command-line option '-V'
gcc.exe: fatal error: no input files
compilation terminated.
configure:2134: $? = 1
configure:2157: checking for C compiler default output file name
configure:2160: gcc    conftest.c  >&5
configure:2163: $? = 0
configure:2209: result: a.exe
configure:2214: checking whether the C compiler works
configure:2220: ./a.exe
configure:2223: $? = 0
configure:2240: result: yes
configure:2247: checking whether we are cross compiling
configure:2249: result: no
configure:2252: checking for suffix of executables
configure:2254: gcc -o conftest.exe    conftest.c  >&5
configure:2257: $? = 0
configure:2282: result: .exe
configure:2288: checking for suffix of object files
configure:2309: gcc -c   conftest.c >&5
configure:2312: $? = 0
configure:2334: result: o
configure:2338: checking whether we are using the GNU C compiler
configure:2362: gcc -c   conftest.c >&5
configure:2368: $? = 0
configure:2371: test -z 			 || test ! -s conftest.err
configure:2374: $? = 0
configure:2377: test -s conftest.o
configure:2380: $? = 0
configure:2393: result: yes
configure:2399: checking whether gcc accepts -g
configure:2420: gcc -c -g  conftest.c >&5
configure:2426: $? = 0
configure:2429: test -z 			 || test ! -s conftest.err
configure:2432: $? = 0
configure:2435: test -s conftest.o
configure:2438: $? = 0
configure:2449: result: yes
configure:2466: checking for gcc option to accept ANSI C
configure:2536: gcc  -c -g -O2  conftest.c >&5
configure:2542: $? = 0
configure:2545: test -z 			 || test ! -s conftest.err
configure:2548: $? = 0
configure:2551: test -s conftest.o
configure:2554: $? = 0
configure:2572: result: none needed
configure:2590: gcc -c -g -O2  conftest.c >&5
conftest.c:2:3: error: unknown type name 'choke'
    2 |   choke me
      |   ^~~~~
conftest.c:2:3: error: expected '=', ',', ';', 'asm' or '__attribute__' at end of input
configure:2596: $? = 1
configure: failed program was:
| #ifndef __cplusplus
|   choke me
| #endif
configure:2728: checking dependency style of gcc
configure:2811: result: gcc3
configure:2830: checking for strerror in -lcposix
configure:2860: gcc -o conftest.exe -g -O2   conftest.c -lcposix   >&5
C:/msys64/mingw64/bin/../lib/gcc/x86_64-w64-mingw32/10.2.0/../../../../x86_64-w64-mingw32/bin/ld.exe: cannot find -lcposix
collect2.exe: error: ld returned 1 exit status
configure:2866: $? = 1
configure: failed program was:
| /* confdefs.h.  */
| 
| #define PACKAGE_NAME "gimp-plugin-j2k"
| #define PACKAGE_TARNAME "gimp-plugin-j2k"
| #define PACKAGE_VERSION "2.2.0"
| #define PACKAGE_STRING "gimp-plugin-j2k 2.2.0"
| #define PACKAGE_BUGREPORT ""
| #define PLUGIN_NAME PACKAGE_NAME
| #define PLUGIN_VERSION PACKAGE_VERSION
| #define PLUGIN_MAJOR_VERSION 2
| #define PLUGIN_MINOR_VERSION 2
| #define PLUGIN_MICRO_VERSION 0
| /* end confdefs.h.  */
| 
| /* Override any gcc2 internal prototype to avoid an error.  */
| #ifdef __cplusplus
| extern "C"
| #endif
| /* We use char because int might match the return type of a gcc2
|    builtin and then its argument prototype would still apply.  */
| char strerror ();
| int
| main ()
| {
| strerror ();
|   ;
|   return 0;
| }
configure:2891: result: no
configure:2945: checking for gcc
configure:2971: result: gcc
configure:3215: checking for C compiler version
configure:3218: gcc --version </dev/null >&5
gcc.exe (Rev1, Built by MSYS2 project) 10.2.0
Copyright (C) 2020 Free Software Foundation, Inc.
This is free software; see the source for copying conditions.  There is NO
warranty; not even for MERCHANTABILITY or FITNESS FOR A PARTICULAR PURPOSE.

configure:3221: $? = 0
configure:3223: gcc -v </dev/null >&5
Using built-in specs.
COLLECT_GCC=C:\msys64\mingw64\bin\gcc.exe
COLLECT_LTO_WRAPPER=C:/msys64/mingw64/bin/../lib/gcc/x86_64-w64-mingw32/10.2.0/lto-wrapper.exe
Target: x86_64-w64-mingw32
Configured with: ../gcc-10.2.0/configure --prefix=/mingw64 --with-local-prefix=/mingw64/local --build=x86_64-w64-mingw32 --host=x86_64-w64-mingw32 --target=x86_64-w64-mingw32 --with-native-system-header-dir=/mingw64/x86_64-w64-mingw32/include --libexecdir=/mingw64/lib --enable-bootstrap --with-arch=x86-64 --with-tune=generic --enable-languages=c,lto,c++,fortran,ada,objc,obj-c++ --enable-shared --enable-static --enable-libatomic --enable-threads=posix --enable-graphite --enable-fully-dynamic-string --enable-libstdcxx-filesystem-ts=yes --enable-libstdcxx-time=yes --disable-libstdcxx-pch --disable-libstdcxx-debug --disable-isl-version-check --enable-lto --enable-libgomp --disable-multilib --enable-checking=release --disable-rpath --disable-win32-registry --disable-nls --disable-werror --disable-symvers --disable-plugin --with-libiconv --with-system-zlib --with-gmp=/mingw64 --with-mpfr=/mingw64 --with-mpc=/mingw64 --with-isl=/mingw64 --with-pkgversion='Rev1, Built by MSYS2 project' --with-bugurl=https://github.com/msys2/MINGW-packages/issues --with-gnu-as --with-gnu-ld
Thread model: posix
Supported LTO compression algorithms: zlib zstd
gcc version 10.2.0 (Rev1, Built by MSYS2 project) 
configure:3226: $? = 0
configure:3228: gcc -V </dev/null >&5
gcc.exe: error: unrecognized command-line option '-V'
gcc.exe: fatal error: no input files
compilation terminated.
configure:3231: $? = 1
configure:3234: checking whether we are using the GNU C compiler
configure:3289: result: yes
configure:3295: checking whether gcc accepts -g
configure:3345: result: yes
configure:3362: checking for gcc option to accept ANSI C
configure:3468: result: none needed
configure:3486: gcc -c -g -O2  conftest.c >&5
conftest.c:2:3: error: unknown type name 'choke'
    2 |   choke me
      |   ^~~~~
conftest.c:2:3: error: expected '=', ',', ';', 'asm' or '__attribute__' at end of input
configure:3492: $? = 1
configure: failed program was:
| #ifndef __cplusplus
|   choke me
| #endif
configure:3624: checking dependency style of gcc
configure:3707: result: gcc3
configure:3727: checking for gcc option to accept ANSI C
configure:3790: gcc  -c -g -O2  conftest.c >&5
configure:3796: $? = 0
configure:3799: test -z 			 || test ! -s conftest.err
configure:3802: $? = 0
configure:3805: test -s conftest.o
configure:3808: $? = 0
configure:3823: result: none needed
configure:3839: checking how to run the C preprocessor
configure:3874: gcc -E  conftest.c
configure:3880: $? = 0
configure:3912: gcc -E  conftest.c
conftest.c:14:10: fatal error: ac_nonexistent.h: No such file or directory
   14 | #include <ac_nonexistent.h>
      |          ^~~~~~~~~~~~~~~~~~
compilation terminated.
configure:3918: $? = 1
configure: failed program was:
| /* confdefs.h.  */
| 
| #define PACKAGE_NAME "gimp-plugin-j2k"
| #define PACKAGE_TARNAME "gimp-plugin-j2k"
| #define PACKAGE_VERSION "2.2.0"
| #define PACKAGE_STRING "gimp-plugin-j2k 2.2.0"
| #define PACKAGE_BUGREPORT ""
| #define PLUGIN_NAME PACKAGE_NAME
| #define PLUGIN_VERSION PACKAGE_VERSION
| #define PLUGIN_MAJOR_VERSION 2
| #define PLUGIN_MINOR_VERSION 2
| #define PLUGIN_MICRO_VERSION 0
| /* end confdefs.h.  */
| #include <ac_nonexistent.h>
configure:3957: result: gcc -E
configure:3981: gcc -E  conftest.c
configure:3987: $? = 0
configure:4019: gcc -E  conftest.c
conftest.c:14:10: fatal error: ac_nonexistent.h: No such file or directory
   14 | #include <ac_nonexistent.h>
      |          ^~~~~~~~~~~~~~~~~~
compilation terminated.
configure:4025: $? = 1
configure: failed program was:
| /* confdefs.h.  */
| 
| #define PACKAGE_NAME "gimp-plugin-j2k"
| #define PACKAGE_TARNAME "gimp-plugin-j2k"
| #define PACKAGE_VERSION "2.2.0"
| #define PACKAGE_STRING "gimp-plugin-j2k 2.2.0"
| #define PACKAGE_BUGREPORT ""
| #define PLUGIN_NAME PACKAGE_NAME
| #define PLUGIN_VERSION PACKAGE_VERSION
| #define PLUGIN_MAJOR_VERSION 2
| #define PLUGIN_MINOR_VERSION 2
| #define PLUGIN_MICRO_VERSION 0
| /* end confdefs.h.  */
| #include <ac_nonexistent.h>
configure:4069: checking for egrep
configure:4079: result: grep -E
configure:4084: checking for ANSI C header files
configure:4109: gcc -c -g -O2  conftest.c >&5
configure:4115: $? = 0
configure:4118: test -z 			 || test ! -s conftest.err
configure:4121: $? = 0
configure:4124: test -s conftest.o
configure:4127: $? = 0
configure:4216: gcc -o conftest.exe -g -O2   conftest.c  >&5
conftest.c: In function 'main':
conftest.c:31:7: warning: implicit declaration of function 'exit' [-Wimplicit-function-declaration]
   31 |       exit(2);
      |       ^~~~
conftest.c:31:7: warning: incompatible implicit declaration of built-in function 'exit'
conftest.c:15:1: note: include '<stdlib.h>' or provide a declaration of 'exit'
   14 | #include <ctype.h>
  +++ |+#include <stdlib.h>
   15 | #if ((' ' & 0x0FF) == 0x020)
conftest.c:32:3: warning: incompatible implicit declaration of built-in function 'exit'
   32 |   exit (0);
      |   ^~~~
conftest.c:32:3: note: include '<stdlib.h>' or provide a declaration of 'exit'
configure:4219: $? = 0
configure:4221: ./conftest.exe
configure:4224: $? = 0
configure:4239: result: yes
configure:4253: checking whether to enable maintainer-specific portions of Makefiles
configure:4262: result: no
configure:4295: checking for pkg-config
configure:4313: found /mingw64/bin/pkg-config
configure:4326: result: /mingw64/bin/pkg-config
configure:4343: checking for gimp-2.0 >= 2.2.0 gimpui-2.0 >= 2.2.0
configure:4347: result: yes
configure:4351: checking GIMP_CFLAGS
configure:4354: result: -mms-bitfields -pthread -mms-bitfields -IC:/msys64/mingw64/include/gimp-2.0 -IC:/msys64/mingw64/include/gegl-0.4 -IC:/msys64/mingw64/include -IC:/msys64/mingw64/include/gio-win32-2.0 -IC:/msys64/mingw64/include/json-glib-1.0 -IC:/msys64/mingw64/include/babl-0.1 -IC:/msys64/mingw64/include -IC:/msys64/mingw64/include/gtk-2.0 -IC:/msys64/mingw64/lib/gtk-2.0/include -IC:/msys64/mingw64/include/pango-1.0 -IC:/msys64/mingw64/include/fribidi -IC:/msys64/mingw64/include -IC:/msys64/mingw64/include/cairo -IC:/msys64/mingw64/include/atk-1.0 -IC:/msys64/mingw64/include/cairo -IC:/msys64/mingw64/include/pixman-1 -IC:/msys64/mingw64/include -IC:/msys64/mingw64/include/freetype2 -IC:/msys64/mingw64/include -IC:/msys64/mingw64/include/harfbuzz -IC:/msys64/mingw64/include -IC:/msys64/mingw64/include/libpng16 -IC:/msys64/mingw64/include/gdk-pixbuf-2.0 -IC:/msys64/mingw64/include -IC:/msys64/mingw64/include/glib-2.0 -IC:/msys64/mingw64/lib/glib-2.0/include -IC:/msys64/mingw64/include
configure:4357: checking GIMP_LIBS
configure:4360: result: -LC:/msys64/mingw64/lib -lgimpui-2.0 -lgimpwidgets-2.0 -lgimpmodule-2.0 -lgimp-2.0 -lgimpmath-2.0 -lgimpconfig-2.0 -lgimpcolor-2.0 -lgimpbase-2.0 -lgegl-0.4 -lgegl-npd-0.4 -lm -lgmodule-2.0 -pthread -ljson-glib-1.0 -lbabl-0.1 -lgtk-win32-2.0 -lgdk-win32-2.0 -lgdi32 -limm32 -lshell32 -lole32 -Wl,-luuid -lpangowin32-1.0 -lpangocairo-1.0 -lpango-1.0 -lharfbuzz -latk-1.0 -lcairo -lgdk_pixbuf-2.0 -lgio-2.0 -lgobject-2.0 -lglib-2.0 -lintl
configure:4476: checking for perl
configure:4494: found /usr/bin/perl
configure:4506: result: /usr/bin/perl
configure:4524: checking for XML::Parser
configure:4527: result: ok
configure:4538: checking for iconv
configure:4556: found /usr/bin/iconv
configure:4569: result: /usr/bin/iconv
configure:4578: checking for msgfmt
configure:4596: found /mingw64/bin/msgfmt
configure:4609: result: /mingw64/bin/msgfmt
configure:4618: checking for msgmerge
configure:4636: found /mingw64/bin/msgmerge
configure:4649: result: /mingw64/bin/msgmerge
configure:4658: checking for xgettext
configure:4676: found /mingw64/bin/xgettext
configure:4689: result: /mingw64/bin/xgettext
configure:4751: checking for sys/types.h
configure:4767: gcc -c -g -O2 -Wall  conftest.c >&5
configure:4773: $? = 0
configure:4776: test -z 			 || test ! -s conftest.err
configure:4779: $? = 0
configure:4782: test -s conftest.o
configure:4785: $? = 0
configure:4796: result: yes
configure:4751: checking for sys/stat.h
configure:4767: gcc -c -g -O2 -Wall  conftest.c >&5
configure:4773: $? = 0
configure:4776: test -z 			 || test ! -s conftest.err
configure:4779: $? = 0
configure:4782: test -s conftest.o
configure:4785: $? = 0
configure:4796: result: yes
configure:4751: checking for stdlib.h
configure:4767: gcc -c -g -O2 -Wall  conftest.c >&5
configure:4773: $? = 0
configure:4776: test -z 			 || test ! -s conftest.err
configure:4779: $? = 0
configure:4782: test -s conftest.o
configure:4785: $? = 0
configure:4796: result: yes
configure:4751: checking for string.h
configure:4767: gcc -c -g -O2 -Wall  conftest.c >&5
configure:4773: $? = 0
configure:4776: test -z 			 || test ! -s conftest.err
configure:4779: $? = 0
configure:4782: test -s conftest.o
configure:4785: $? = 0
configure:4796: result: yes
configure:4751: checking for memory.h
configure:4767: gcc -c -g -O2 -Wall  conftest.c >&5
configure:4773: $? = 0
configure:4776: test -z 			 || test ! -s conftest.err
configure:4779: $? = 0
configure:4782: test -s conftest.o
configure:4785: $? = 0
configure:4796: result: yes
configure:4751: checking for strings.h
configure:4767: gcc -c -g -O2 -Wall  conftest.c >&5
configure:4773: $? = 0
configure:4776: test -z 			 || test ! -s conftest.err
configure:4779: $? = 0
configure:4782: test -s conftest.o
configure:4785: $? = 0
configure:4796: result: yes
configure:4751: checking for inttypes.h
configure:4767: gcc -c -g -O2 -Wall  conftest.c >&5
configure:4773: $? = 0
configure:4776: test -z 			 || test ! -s conftest.err
configure:4779: $? = 0
configure:4782: test -s conftest.o
configure:4785: $? = 0
configure:4796: result: yes
configure:4751: checking for stdint.h
configure:4767: gcc -c -g -O2 -Wall  conftest.c >&5
configure:4773: $? = 0
configure:4776: test -z 			 || test ! -s conftest.err
configure:4779: $? = 0
configure:4782: test -s conftest.o
configure:4785: $? = 0
configure:4796: result: yes
configure:4751: checking for unistd.h
configure:4767: gcc -c -g -O2 -Wall  conftest.c >&5
configure:4773: $? = 0
configure:4776: test -z 			 || test ! -s conftest.err
configure:4779: $? = 0
configure:4782: test -s conftest.o
configure:4785: $? = 0
configure:4796: result: yes
configure:4823: checking locale.h usability
configure:4835: gcc -c -g -O2 -Wall  conftest.c >&5
configure:4841: $? = 0
configure:4844: test -z 			 || test ! -s conftest.err
configure:4847: $? = 0
configure:4850: test -s conftest.o
configure:4853: $? = 0
configure:4863: result: yes
configure:4867: checking locale.h presence
configure:4877: gcc -E  conftest.c
configure:4883: $? = 0
configure:4903: result: yes
configure:4938: checking for locale.h
configure:4945: result: yes
configure:4959: checking for LC_MESSAGES
configure:4980: gcc -o conftest.exe -g -O2 -Wall   conftest.c  >&5
conftest.c: In function 'main':
conftest.c:30:8: error: 'LC_MESSAGES' undeclared (first use in this function)
   30 | return LC_MESSAGES
      |        ^~~~~~~~~~~
conftest.c:30:8: note: each undeclared identifier is reported only once for each function it appears in
configure:4986: $? = 1
configure: failed program was:
| /* confdefs.h.  */
| 
| #define PACKAGE_NAME "gimp-plugin-j2k"
| #define PACKAGE_TARNAME "gimp-plugin-j2k"
| #define PACKAGE_VERSION "2.2.0"
| #define PACKAGE_STRING "gimp-plugin-j2k 2.2.0"
| #define PACKAGE_BUGREPORT ""
| #define PLUGIN_NAME PACKAGE_NAME
| #define PLUGIN_VERSION PACKAGE_VERSION
| #define PLUGIN_MAJOR_VERSION 2
| #define PLUGIN_MINOR_VERSION 2
| #define PLUGIN_MICRO_VERSION 0
| #define STDC_HEADERS 1
| #define GETTEXT_PACKAGE "gimp20-plugin-template"
| #define HAVE_SYS_TYPES_H 1
| #define HAVE_SYS_STAT_H 1
| #define HAVE_STDLIB_H 1
| #define HAVE_STRING_H 1
| #define HAVE_MEMORY_H 1
| #define HAVE_STRINGS_H 1
| #define HAVE_INTTYPES_H 1
| #define HAVE_STDINT_H 1
| #define HAVE_UNISTD_H 1
| #define HAVE_LOCALE_H 1
| /* end confdefs.h.  */
| #include <locale.h>
| int
| main ()
| {
| return LC_MESSAGES
|   ;
|   return 0;
| }
configure:5010: result: no
configure:5039: checking libintl.h usability
configure:5051: gcc -c -g -O2 -Wall  conftest.c >&5
configure:5057: $? = 0
configure:5060: test -z 			 || test ! -s conftest.err
configure:5063: $? = 0
configure:5066: test -s conftest.o
configure:5069: $? = 0
configure:5079: result: yes
configure:5083: checking libintl.h presence
configure:5093: gcc -E  conftest.c
configure:5099: $? = 0
configure:5119: result: yes
configure:5154: checking for libintl.h
configure:5161: result: yes
configure:5172: checking for dgettext in libc
configure:5195: gcc -o conftest.exe -g -O2 -Wall   conftest.c  >&5
conftest.c: In function 'main':
conftest.c:32:8: warning: cast from pointer to integer of different size [-Wpointer-to-int-cast]
   32 | return (int) dgettext ("","")
      |        ^
C:/msys64/mingw64/bin/../lib/gcc/x86_64-w64-mingw32/10.2.0/../../../../x86_64-w64-mingw32/bin/ld.exe: C:\msys64\tmp\ccwABKBU.o: in function `main':
D:\website\adv_sw\download\tools\gimp\j2k/conftest.c:32: undefined reference to `libintl_dgettext'
collect2.exe: error: ld returned 1 exit status
configure:5201: $? = 1
configure: failed program was:
| /* confdefs.h.  */
| 
| #define PACKAGE_NAME "gimp-plugin-j2k"
| #define PACKAGE_TARNAME "gimp-plugin-j2k"
| #define PACKAGE_VERSION "2.2.0"
| #define PACKAGE_STRING "gimp-plugin-j2k 2.2.0"
| #define PACKAGE_BUGREPORT ""
| #define PLUGIN_NAME PACKAGE_NAME
| #define PLUGIN_VERSION PACKAGE_VERSION
| #define PLUGIN_MAJOR_VERSION 2
| #define PLUGIN_MINOR_VERSION 2
| #define PLUGIN_MICRO_VERSION 0
| #define STDC_HEADERS 1
| #define GETTEXT_PACKAGE "gimp20-plugin-template"
| #define HAVE_SYS_TYPES_H 1
| #define HAVE_SYS_STAT_H 1
| #define HAVE_STDLIB_H 1
| #define HAVE_STRING_H 1
| #define HAVE_MEMORY_H 1
| #define HAVE_STRINGS_H 1
| #define HAVE_INTTYPES_H 1
| #define HAVE_STDINT_H 1
| #define HAVE_UNISTD_H 1
| #define HAVE_LOCALE_H 1
| /* end confdefs.h.  */
| 
| #include <libintl.h>
| 
| int
| main ()
| {
| return (int) dgettext ("","")
|   ;
|   return 0;
| }
configure:5226: result: no
configure:5339: checking for bindtextdomain in -lintl
configure:5369: gcc -o conftest.exe -g -O2 -Wall   conftest.c -lintl   >&5
configure:5375: $? = 0
configure:5378: test -z 			 || test ! -s conftest.err
configure:5381: $? = 0
configure:5384: test -s conftest.exe
configure:5387: $? = 0
configure:5400: result: yes
configure:5403: checking for dgettext in -lintl
configure:5433: gcc -o conftest.exe -g -O2 -Wall   conftest.c -lintl   >&5
conftest.c:33:6: warning: conflicting types for built-in function 'dgettext'; expected 'char *(const char *, const char *)' [-Wbuiltin-declaration-mismatch]
   33 | char dgettext ();
      |      ^~~~~~~~
configure:5439: $? = 0
configure:5442: test -z 			 || test ! -s conftest.err
configure:5445: $? = 0
configure:5448: test -s conftest.exe
configure:5451: $? = 0
configure:5464: result: yes
configure:5563: checking for bind_textdomain_codeset
configure:5620: gcc -o conftest.exe -g -O2 -Wall   conftest.c  -lintl  >&5
configure:5626: $? = 0
configure:5629: test -z 			 || test ! -s conftest.err
configure:5632: $? = 0
configure:5635: test -s conftest.exe
configure:5638: $? = 0
configure:5650: result: yes
configure:5689: checking for msgfmt
configure:5716: result: /mingw64/bin/msgfmt
configure:5729: checking for dcgettext
configure:5786: gcc -o conftest.exe -g -O2 -Wall   conftest.c  -lintl  >&5
conftest.c:52:6: warning: conflicting types for built-in function 'dcgettext'; expected 'char *(const char *, const char *, int)' [-Wbuiltin-declaration-mismatch]
   52 | char dcgettext ();
      |      ^~~~~~~~~
configure:5792: $? = 0
configure:5795: test -z 			 || test ! -s conftest.err
configure:5798: $? = 0
configure:5801: test -s conftest.exe
configure:5804: $? = 0
configure:5816: result: yes
configure:5828: checking for gmsgfmt
configure:5859: result: /mingw64/bin/msgfmt
configure:5868: checking for xgettext
configure:5895: result: /mingw64/bin/xgettext
configure:5919: gcc -o conftest.exe -g -O2 -Wall   conftest.c  -lintl  >&5
configure:5925: $? = 0
configure:5928: test -z 			 || test ! -s conftest.err
configure:5931: $? = 0
configure:5934: test -s conftest.exe
configure:5937: $? = 0
configure:6109: checking for catalogs to be installed
configure:6134: result:  az de fr sk sv zh_TW
configure:6171: checking for bind_textdomain_codeset
configure:6258: result: yes
configure:6276: checking if GTK+ is version 2.7.0 or newer
configure:6283: result: yes
configure:6291: checking if GIMP is version 2.3.0 or newer
configure:6298: result: yes
configure:6440: creating ./config.status

## ---------------------- ##
## Running config.status. ##
## ---------------------- ##

This file was extended by gimp-plugin-j2k config.status 2.2.0, which was
generated by GNU Autoconf 2.59.  Invocation command line was

  CONFIG_FILES    = 
  CONFIG_HEADERS  = 
  CONFIG_LINKS    = 
  CONFIG_COMMANDS = 
  $ ./config.status 

on Design_2

config.status:785: creating Makefile
config.status:785: creating src/Makefile
config.status:785: creating po/Makefile.in
config.status:785: creating help/Makefile
config.status:785: creating help/en/Makefile
config.status:785: creating help/images/Makefile
config.status:851: creating config.h
config.status:1157: executing depfiles commands
config.status:1157: executing intltool commands
config.status:1157: executing default-1 commands

## ---------------- ##
## Cache variables. ##
## ---------------- ##

ac_cv_c_compiler_gnu=yes
ac_cv_env_CC_set=
ac_cv_env_CC_value=
ac_cv_env_CFLAGS_set=
ac_cv_env_CFLAGS_value=
ac_cv_env_CPPFLAGS_set=
ac_cv_env_CPPFLAGS_value=
ac_cv_env_CPP_set=
ac_cv_env_CPP_value=
ac_cv_env_LDFLAGS_set=
ac_cv_env_LDFLAGS_value=
ac_cv_env_build_alias_set=
ac_cv_env_build_alias_value=
ac_cv_env_host_alias_set=
ac_cv_env_host_alias_value=
ac_cv_env_target_alias_set=
ac_cv_env_target_alias_value=
ac_cv_exeext=.exe
ac_cv_func_bind_textdomain_codeset=yes
ac_cv_func_dcgettext=yes
ac_cv_header_inttypes_h=yes
ac_cv_header_libintl_h=yes
ac_cv_header_locale_h=yes
ac_cv_header_memory_h=yes
ac_cv_header_stdc=yes
ac_cv_header_stdint_h=yes
ac_cv_header_stdlib_h=yes
ac_cv_header_string_h=yes
ac_cv_header_strings_h=yes
ac_cv_header_sys_stat_h=yes
ac_cv_header_sys_types_h=yes
ac_cv_header_unistd_h=yes
ac_cv_lib_cposix_strerror=no
ac_cv_lib_intl_bindtextdomain=yes
ac_cv_lib_intl_dgettext=yes
ac_cv_objext=o
ac_cv_path_GMSGFMT=/mingw64/bin/msgfmt
ac_cv_path_ICONV=/usr/bin/iconv
ac_cv_path_INTLTOOL_PERL=/usr/bin/perl
ac_cv_path_MSGFMT=/mingw64/bin/msgfmt
ac_cv_path_MSGMERGE=/mingw64/bin/msgmerge
ac_cv_path_PKG_CONFIG=/mingw64/bin/pkg-config
ac_cv_path_XGETTEXT=/mingw64/bin/xgettext
ac_cv_path_install='/usr/bin/install -c'
ac_cv_prog_AWK=gawk
ac_cv_prog_CPP='gcc -E'
ac_cv_prog_ac_ct_CC=gcc
ac_cv_prog_cc_g=yes
ac_cv_prog_cc_stdc=
ac_cv_prog_egrep='grep -E'
ac_cv_prog_make_make_set=yes
am_cv_CC_dependencies_compiler_type=gcc3
am_cv_prog_cc_stdc=
am_cv_val_LC_MESSAGES=no
gt_cv_func_dgettext_libc=no
gt_cv_func_dgettext_libintl=yes
gt_cv_have_gettext=yes

## ----------------- ##
## Output variables. ##
## ----------------- ##

ACLOCAL='${SHELL} /d/website/adv_sw/download/tools/gimp/j2k/missing --run aclocal-1.7 '
AMDEPBACKSLASH='\'
AMDEP_FALSE='#'
AMDEP_TRUE=''
AMTAR='${SHELL} /d/website/adv_sw/download/tools/gimp/j2k/missing --run tar'
AUTOCONF='${SHELL} /d/website/adv_sw/download/tools/gimp/j2k/missing --run autoconf'
AUTOHEADER='${SHELL} /d/website/adv_sw/download/tools/gimp/j2k/missing --run autoheader'
AUTOMAKE='${SHELL} /d/website/adv_sw/download/tools/gimp/j2k/missing --run automake-1.7'
AWK='gawk'
CATALOGS=' az.gmo de.gmo fr.gmo sk.gmo sv.gmo zh_TW.gmo'
CATOBJEXT='.gmo'
CC='gcc'
CCDEPMODE='depmode=gcc3'
CFLAGS='-g -O2 -Wall'
CPP='gcc -E'
CPPFLAGS=''
CYGPATH_W='cygpath -w'
DATADIR='${datadir}/gimp-plugin-j2k'
DATADIRNAME='share'
DEFS='-DHAVE_CONFIG_H'
DEPDIR='.deps'
ECHO_C=''
ECHO_N='-n'
ECHO_T=''
EGREP='grep -E'
EXEEXT='.exe'
GETTEXT_PACKAGE='gimp20-plugin-template'
GIMP_CFLAGS='-mms-bitfields -pthread -mms-bitfields -IC:/msys64/mingw64/include/gimp-2.0 -IC:/msys64/mingw64/include/gegl-0.4 -IC:/msys64/mingw64/include -IC:/msys64/mingw64/include/gio-win32-2.0 -IC:/msys64/mingw64/include/json-glib-1.0 -IC:/msys64/mingw64/include/babl-0.1 -IC:/msys64/mingw64/include -IC:/msys64/mingw64/include/gtk-2.0 -IC:/msys64/mingw64/lib/gtk-2.0/include -IC:/msys64/mingw64/include/pango-1.0 -IC:/msys64/mingw64/include/fribidi -IC:/msys64/mingw64/include -IC:/msys64/mingw64/include/cairo -IC:/msys64/mingw64/include/atk-1.0 -IC:/msys64/mingw64/include/cairo -IC:/msys64/mingw64/include/pixman-1 -IC:/msys64/mingw64/include -IC:/msys64/mingw64/include/freetype2 -IC:/msys64/mingw64/include -IC:/msys64/mingw64/include/harfbuzz -IC:/msys64/mingw64/include -IC:/msys64/mingw64/include/libpng16 -IC:/msys64/mingw64/include/gdk-pixbuf-2.0 -IC:/msys64/mingw64/include -IC:/msys64/mingw64/include/glib-2.0 -IC:/msys64/mingw64/lib/glib-2.0/include -IC:/msys64/mingw64/include'
GIMP_LIBDIR='C:/msys64/mingw64/lib/gimp/2.0'
GIMP_LIBS='-LC:/msys64/mingw64/lib -lgimpui-2.0 -lgimpwidgets-2.0 -lgimpmodule-2.0 -lgimp-2.0 -lgimpmath-2.0 -lgimpconfig-2.0 -lgimpcolor-2.0 -lgimpbase-2.0 -lgegl-0.4 -lgegl-npd-0.4 -lm -lgmodule-2.0 -pthread -ljson-glib-1.0 -lbabl-0.1 -lgtk-win32-2.0 -lgdk-win32-2.0 -lgdi32 -limm32 -lshell32 -lole32 -Wl,-luuid -lpangowin32-1.0 -lpangocairo-1.0 -lpango-1.0 -lharfbuzz -latk-1.0 -lcairo -lgdk_pixbuf-2.0 -lgio-2.0 -lgobject-2.0 -lglib-2.0 -lintl'
GMOFILES=' az.gmo de.gmo fr.gmo sk.gmo sv.gmo zh_TW.gmo'
GMSGFMT='/mingw64/bin/msgfmt'
ICONV='/usr/bin/iconv'
INSTALL_DATA='${INSTALL} -m 644'
INSTALL_PROGRAM='${INSTALL}'
INSTALL_SCRIPT='${INSTALL}'
INSTALL_STRIP_PROGRAM='${SHELL} $(install_sh) -c -s'
INSTOBJEXT='.mo'
INTLLIBS='-lintl '
INTLTOOL_CAVES_RULE='%.caves:     %.caves.in     $(INTLTOOL_MERGE) $(wildcard $(top_srcdir)/po/*.po) ; LC_ALL=C $(INTLTOOL_MERGE) -d -u -c $(top_builddir)/po/.intltool-merge-cache $(top_srcdir)/po $< $@'
INTLTOOL_DESKTOP_RULE='%.desktop:   %.desktop.in   $(INTLTOOL_MERGE) $(wildcard $(top_srcdir)/po/*.po) ; LC_ALL=C $(INTLTOOL_MERGE) -d -u -c $(top_builddir)/po/.intltool-merge-cache $(top_srcdir)/po $< $@'
INTLTOOL_DIRECTORY_RULE='%.directory: %.directory.in $(INTLTOOL_MERGE) $(wildcard $(top_srcdir)/po/*.po) ; LC_ALL=C $(INTLTOOL_MERGE) -d -u -c $(top_builddir)/po/.intltool-merge-cache $(top_srcdir)/po $< $@'
INTLTOOL_EXTRACT='$(top_builddir)/intltool-extract'
INTLTOOL_KBD_RULE='%.kbd:       %.kbd.in       $(INTLTOOL_MERGE) $(wildcard $(top_srcdir)/po/*.po) ; LC_ALL=C $(INTLTOOL_MERGE) -x -u -m -c $(top_builddir)/po/.intltool-merge-cache $(top_srcdir)/po $< $@'
INTLTOOL_KEYS_RULE='%.keys:      %.keys.in      $(INTLTOOL_MERGE) $(wildcard $(top_srcdir)/po/*.po) ; LC_ALL=C $(INTLTOOL_MERGE) -k -u -c $(top_builddir)/po/.intltool-merge-cache $(top_srcdir)/po $< $@'
INTLTOOL_MERGE='$(top_builddir)/intltool-merge'
INTLTOOL_OAF_RULE='%.oaf:       %.oaf.in       $(INTLTOOL_MERGE) $(wildcard $(top_srcdir)/po/*.po) ; LC_ALL=C $(INTLTOOL_MERGE) -o -p $(top_srcdir)/po $< $@'
INTLTOOL_PERL='/usr/bin/perl'
INTLTOOL_PONG_RULE='%.pong:      %.pong.in      $(INTLTOOL_MERGE) $(wildcard $(top_srcdir)/po/*.po) ; LC_ALL=C $(INTLTOOL_MERGE) -x -u -c $(top_builddir)/po/.intltool-merge-cache $(top_srcdir)/po $< $@'
INTLTOOL_PROP_RULE='%.prop:      %.prop.in      $(INTLTOOL_MERGE) $(wildcard $(top_srcdir)/po/*.po) ; LC_ALL=C $(INTLTOOL_MERGE) -d -u -c $(top_builddir)/po/.intltool-merge-cache $(top_srcdir)/po $< $@'
INTLTOOL_SCHEMAS_RULE='%.schemas:   %.schemas.in   $(INTLTOOL_MERGE) $(wildcard $(top_srcdir)/po/*.po) ; LC_ALL=C $(INTLTOOL_MERGE) -s -u -c $(top_builddir)/po/.intltool-merge-cache $(top_srcdir)/po $< $@'
INTLTOOL_SERVER_RULE='%.server:    %.server.in    $(INTLTOOL_MERGE) $(wildcard $(top_srcdir)/po/*.po) ; LC_ALL=C $(INTLTOOL_MERGE) -o -u -c $(top_builddir)/po/.intltool-merge-cache $(top_srcdir)/po $< $@'
INTLTOOL_SHEET_RULE='%.sheet:     %.sheet.in     $(INTLTOOL_MERGE) $(wildcard $(top_srcdir)/po/*.po) ; LC_ALL=C $(INTLTOOL_MERGE) -x -u -c $(top_builddir)/po/.intltool-merge-cache $(top_srcdir)/po $< $@'
INTLTOOL_SOUNDLIST_RULE='%.soundlist: %.soundlist.in $(INTLTOOL_MERGE) $(wildcard $(top_srcdir)/po/*.po) ; LC_ALL=C $(INTLTOOL_MERGE) -d -u -c $(top_builddir)/po/.intltool-merge-cache $(top_srcdir)/po $< $@'
INTLTOOL_THEME_RULE='%.theme:     %.theme.in     $(INTLTOOL_MERGE) $(wildcard $(top_srcdir)/po/*.po) ; LC_ALL=C $(INTLTOOL_MERGE) -d -u -c $(top_builddir)/po/.intltool-merge-cache $(top_srcdir)/po $< $@'
INTLTOOL_UI_RULE='%.ui:        %.ui.in        $(INTLTOOL_MERGE) $(wildcard $(top_srcdir)/po/*.po) ; LC_ALL=C $(INTLTOOL_MERGE) -x -u -c $(top_builddir)/po/.intltool-merge-cache $(top_srcdir)/po $< $@'
INTLTOOL_UPDATE='$(top_builddir)/intltool-update'
INTLTOOL_XAM_RULE='%.xam:       %.xml.in       $(INTLTOOL_MERGE) $(wildcard $(top_srcdir)/po/*.po) ; LC_ALL=C $(INTLTOOL_MERGE) -x -u -c $(top_builddir)/po/.intltool-merge-cache $(top_srcdir)/po $< $@'
INTLTOOL_XML_NOMERGE_RULE='%.xml:       %.xml.in       $(INTLTOOL_MERGE) ; LC_ALL=C $(INTLTOOL_MERGE) -x -u /tmp $< $@'
INTLTOOL_XML_RULE='%.xml:       %.xml.in       $(INTLTOOL_MERGE) $(wildcard $(top_srcdir)/po/*.po) ; LC_ALL=C $(INTLTOOL_MERGE) -x -u -c $(top_builddir)/po/.intltool-merge-cache $(top_srcdir)/po $< $@'
LDFLAGS=''
LIBOBJS=''
LIBS=''
LOCALEDIR='${datadir}/locale'
LTLIBOBJS=''
MAINT='#'
MAINTAINER_MODE_FALSE=''
MAINTAINER_MODE_TRUE='#'
MAKEINFO='${SHELL} /d/website/adv_sw/download/tools/gimp/j2k/missing --run makeinfo'
MKINSTALLDIRS='./mkinstalldirs'
MSGFMT='/mingw64/bin/msgfmt'
MSGMERGE='/mingw64/bin/msgmerge'
OBJEXT='o'
PACKAGE='gimp-plugin-j2k'
PACKAGE_BUGREPORT=''
PACKAGE_NAME='gimp-plugin-j2k'
PACKAGE_STRING='gimp-plugin-j2k 2.2.0'
PACKAGE_TARNAME='gimp-plugin-j2k'
PACKAGE_VERSION='2.2.0'
PATH_SEPARATOR=':'
PKG_CONFIG='/mingw64/bin/pkg-config'
POFILES=' az.po de.po fr.po sk.po sv.po zh_TW.po'
POSUB='po'
PO_IN_DATADIR_FALSE=''
PO_IN_DATADIR_TRUE=''
SET_MAKE=''
SHELL='/bin/sh'
STRIP=''
USE_NLS='yes'
VERSION='2.2.0'
XGETTEXT='/mingw64/bin/xgettext'
ac_ct_CC='gcc'
ac_ct_STRIP=''
am__fastdepCC_FALSE='#'
am__fastdepCC_TRUE=''
am__include='include'
am__leading_dot='.'
am__quote=''
bindir='${exec_prefix}/bin'
build_alias='x86_64-w64-mingw32'
datadir='${prefix}/share'
exec_prefix='${prefix}'
host_alias=''
includedir='${prefix}/include'
infodir='${prefix}/info'
install_sh='/d/website/adv_sw/download/tools/gimp/j2k/install-sh'
libdir='${exec_prefix}/lib'
libexecdir='${exec_prefix}/libexec'
localstatedir='${prefix}/var'
mandir='${prefix}/man'
mkdir_p='mkdir -p -- .'
oldincludedir='/usr/include'
prefix='/mingw64'
program_transform_name='s,x,x,'
sbindir='${exec_prefix}/sbin'
sharedstatedir='${prefix}/com'
sysconfdir='${prefix}/etc'
target_alias=''

## ----------- ##
## confdefs.h. ##
## ----------- ##

#define ENABLE_NLS 1
#define GETTEXT_PACKAGE "gimp20-plugin-template"
#define HAVE_BIND_TEXTDOMAIN_CODESET 1
#define HAVE_BIND_TEXTDOMAIN_CODESET 1
#define HAVE_DCGETTEXT 1
#define HAVE_GETTEXT 1
#define HAVE_INTTYPES_H 1
#define HAVE_LOCALE_H 1
#define HAVE_MEMORY_H 1
#define HAVE_STDINT_H 1
#define HAVE_STDLIB_H 1
#define HAVE_STRINGS_H 1
#define HAVE_STRING_H 1
#define HAVE_SYS_STAT_H 1
#define HAVE_SYS_TYPES_H 1
#define HAVE_UNISTD_H 1
#define PACKAGE_BUGREPORT ""
#define PACKAGE_NAME "gimp-plugin-j2k"
#define PACKAGE_STRING "gimp-plugin-j2k 2.2.0"
#define PACKAGE_TARNAME "gimp-plugin-j2k"
#define PACKAGE_VERSION "2.2.0"
#define PLUGIN_MAJOR_VERSION 2
#define PLUGIN_MICRO_VERSION 0
#define PLUGIN_MINOR_VERSION 2
#define PLUGIN_NAME PACKAGE_NAME
#define PLUGIN_VERSION PACKAGE_VERSION
#define STDC_HEADERS 1

configure: exit 0
